# JRE version: Java(TM) SE Runtime Environment 18.9 (11.0.10+8) (build 11.0.10+8-LTS-162)
# Java VM: Java HotSpot(TM) 64-Bit Server VM 18.9 (11.0.10+8-LTS-162, mixed mode, tiered, compressed oops, g1 gc, windows-amd64)
Heap:
 garbage-first heap   total 157696K, used 39788K [0x0000000080000000, 0x0000000100000000)
  region size 1024K, 34 young (34816K), 7 survivors (7168K)
 Metaspace       used 54833K, capacity 57338K, committed 57472K, reserved 1097728K
  class space    used 7591K, capacity 9002K, committed 9088K, reserved 1048576K
GC Heap History (10 events):
Event: 0.603 GC heap before
{Heap before GC invocations=0 (full 0):
 garbage-first heap   total 131072K, used 7168K [0x0000000080000000, 0x0000000100000000)
  region size 1024K, 7 young (7168K), 0 survivors (0K)
 Metaspace       used 8877K, capacity 8984K, committed 9216K, reserved 1056768K
  class space    used 963K, capacity 988K, committed 1024K, reserved 1048576K
}
Event: 0.607 GC heap after
{Heap after GC invocations=1 (full 0):
 garbage-first heap   total 131072K, used 1524K [0x0000000080000000, 0x0000000100000000)
  region size 1024K, 1 young (1024K), 1 survivors (1024K)
 Metaspace       used 8877K, capacity 8984K, committed 9216K, reserved 1056768K
  class space    used 963K, capacity 988K, committed 1024K, reserved 1048576K
}
Event: 1.969 GC heap before
{Heap before GC invocations=1 (full 0):
 garbage-first heap   total 131072K, used 53748K [0x0000000080000000, 0x0000000100000000)
  region size 1024K, 54 young (55296K), 1 survivors (1024K)
 Metaspace       used 20394K, capacity 21068K, committed 21248K, reserved 1069056K
  class space    used 2317K, capacity 2533K, committed 2560K, reserved 1048576K
}
Event: 1.981 GC heap after
{Heap after GC invocations=2 (full 0):
 garbage-first heap   total 131072K, used 7006K [0x0000000080000000, 0x0000000100000000)
  region size 1024K, 7 young (7168K), 7 survivors (7168K)
 Metaspace       used 20394K, capacity 21068K, committed 21248K, reserved 1069056K
  class space    used 2317K, capacity 2533K, committed 2560K, reserved 1048576K
}
Event: 2.787 GC heap before
{Heap before GC invocations=3 (full 0):
 garbage-first heap   total 131072K, used 32606K [0x0000000080000000, 0x0000000100000000)
  region size 1024K, 34 young (34816K), 7 survivors (7168K)
 Metaspace       used 27481K, capacity 28294K, committed 28544K, reserved 1075200K
  class space    used 3327K, capacity 3693K, committed 3712K, reserved 1048576K
}
Event: 2.802 GC heap after
{Heap after GC invocations=4 (full 0):
 garbage-first heap   total 131072K, used 7839K [0x0000000080000000, 0x0000000100000000)
  region size 1024K, 2 young (2048K), 2 survivors (2048K)
 Metaspace       used 27481K, capacity 28294K, committed 28544K, reserved 1075200K
  class space    used 3327K, capacity 3693K, committed 3712K, reserved 1048576K
}
Event: 3.678 GC heap before
{Heap before GC invocations=4 (full 0):
 garbage-first heap   total 131072K, used 33439K [0x0000000080000000, 0x0000000100000000)
  region size 1024K, 29 young (29696K), 2 survivors (2048K)
 Metaspace       used 34786K, capacity 35767K, committed 36096K, reserved 1081344K
  class space    used 4257K, capacity 4750K, committed 4864K, reserved 1048576K
}
Event: 3.686 GC heap after
{Heap after GC invocations=5 (full 0):
 garbage-first heap   total 131072K, used 9226K [0x0000000080000000, 0x0000000100000000)
  region size 1024K, 3 young (3072K), 3 survivors (3072K)
 Metaspace       used 34786K, capacity 35767K, committed 36096K, reserved 1081344K
  class space    used 4257K, capacity 4750K, committed 4864K, reserved 1048576K
}
Event: 5.564 GC heap before
{Heap before GC invocations=6 (full 0):
 garbage-first heap   total 131072K, used 63498K [0x0000000080000000, 0x0000000100000000)
  region size 1024K, 56 young (57344K), 3 survivors (3072K)
 Metaspace       used 47754K, capacity 49714K, committed 50048K, reserved 1091584K
  class space    used 6569K, capacity 7719K, committed 7808K, reserved 1048576K
}
Event: 5.590 GC heap after
{Heap after GC invocations=7 (full 0):
 garbage-first heap   total 157696K, used 14188K [0x0000000080000000, 0x0000000100000000)
  region size 1024K, 7 young (7168K), 7 survivors (7168K)
 Metaspace       used 47754K, capacity 49714K, committed 50048K, reserved 1091584K
  class space    used 6569K, capacity 7719K, committed 7808K, reserved 1048576K
}

