# JRE version: Java(TM) SE Runtime Environment 18.9 (11.0.10+8) (build 11.0.10+8-LTS-162)
# Java VM: Java HotSpot(TM) 64-Bit Server VM 18.9 (11.0.10+8-LTS-162, mixed mode, tiered, compressed oops, g1 gc, windows-amd64)
Heap:
 garbage-first heap   total 157696K, used 79981K [0x0000000080000000, 0x0000000100000000)
  region size 1024K, 66 young (67584K), 8 survivors (8192K)
 Metaspace       used 77451K, capacity 82483K, committed 82764K, reserved 1118208K
  class space    used 11664K, capacity 14384K, committed 14412K, reserved 1048576K
GC Heap History (10 events):
Event: 3.389 GC heap before
{Heap before GC invocations=3 (full 0):
 garbage-first heap   total 131072K, used 32174K [0x0000000080000000, 0x0000000100000000)
  region size 1024K, 32 young (32768K), 6 survivors (6144K)
 Metaspace       used 28121K, capacity 28954K, committed 29184K, reserved 1075200K
  class space    used 3432K, capacity 3782K, committed 3840K, reserved 1048576K
}
Event: 3.405 GC heap after
{Heap after GC invocations=4 (full 0):
 garbage-first heap   total 131072K, used 8077K [0x0000000080000000, 0x0000000100000000)
  region size 1024K, 2 young (2048K), 2 survivors (2048K)
 Metaspace       used 28121K, capacity 28954K, committed 29184K, reserved 1075200K
  class space    used 3432K, capacity 3782K, committed 3840K, reserved 1048576K
}
Event: 4.298 GC heap before
{Heap before GC invocations=4 (full 0):
 garbage-first heap   total 131072K, used 32653K [0x0000000080000000, 0x0000000100000000)
  region size 1024K, 28 young (28672K), 2 survivors (2048K)
 Metaspace       used 34863K, capacity 35794K, committed 35840K, reserved 1081344K
  class space    used 4296K, capacity 4722K, committed 4736K, reserved 1048576K
}
Event: 4.306 GC heap after
{Heap after GC invocations=5 (full 0):
 garbage-first heap   total 131072K, used 9603K [0x0000000080000000, 0x0000000100000000)
  region size 1024K, 3 young (3072K), 3 survivors (3072K)
 Metaspace       used 34863K, capacity 35794K, committed 35840K, reserved 1081344K
  class space    used 4296K, capacity 4722K, committed 4736K, reserved 1048576K
}
Event: 6.380 GC heap before
{Heap before GC invocations=6 (full 0):
 garbage-first heap   total 131072K, used 62851K [0x0000000080000000, 0x0000000100000000)
  region size 1024K, 55 young (56320K), 3 survivors (3072K)
 Metaspace       used 47666K, capacity 49589K, committed 49740K, reserved 1091584K
  class space    used 6438K, capacity 7480K, committed 7500K, reserved 1048576K
}
Event: 6.404 GC heap after
{Heap after GC invocations=7 (full 0):
 garbage-first heap   total 131072K, used 14240K [0x0000000080000000, 0x0000000100000000)
  region size 1024K, 7 young (7168K), 7 survivors (7168K)
 Metaspace       used 47666K, capacity 49589K, committed 49740K, reserved 1091584K
  class space    used 6438K, capacity 7480K, committed 7500K, reserved 1048576K
}
Event: 7.915 GC heap before
{Heap before GC invocations=7 (full 0):
 garbage-first heap   total 131072K, used 53152K [0x0000000080000000, 0x0000000100000000)
  region size 1024K, 47 young (48128K), 7 survivors (7168K)
 Metaspace       used 57349K, capacity 60031K, committed 60236K, reserved 1099776K
  class space    used 8020K, capacity 9513K, committed 9548K, reserved 1048576K
}
Event: 7.943 GC heap after
{Heap after GC invocations=8 (full 0):
 garbage-first heap   total 131072K, used 16856K [0x0000000080000000, 0x0000000100000000)
  region size 1024K, 3 young (3072K), 3 survivors (3072K)
 Metaspace       used 57349K, capacity 60031K, committed 60236K, reserved 1099776K
  class space    used 8020K, capacity 9513K, committed 9548K, reserved 1048576K
}
Event: 10.340 GC heap before
{Heap before GC invocations=9 (full 0):
 garbage-first heap   total 131072K, used 72152K [0x0000000080000000, 0x0000000100000000)
  region size 1024K, 58 young (59392K), 3 survivors (3072K)
 Metaspace       used 68760K, capacity 72307K, committed 72396K, reserved 1110016K
  class space    used 9870K, capacity 11935K, committed 11980K, reserved 1048576K
}
Event: 10.366 GC heap after
{Heap after GC invocations=10 (full 0):
 garbage-first heap   total 157696K, used 21613K [0x0000000080000000, 0x0000000100000000)
  region size 1024K, 8 young (8192K), 8 survivors (8192K)
 Metaspace       used 68760K, capacity 72307K, committed 72396K, reserved 1110016K
  class space    used 9870K, capacity 11935K, committed 11980K, reserved 1048576K
}

