# JRE version: Java(TM) SE Runtime Environment 18.9 (11.0.10+8) (build 11.0.10+8-LTS-162)
# Java VM: Java HotSpot(TM) 64-Bit Server VM 18.9 (11.0.10+8-LTS-162, mixed mode, tiered, compressed oops, g1 gc, windows-amd64)
Heap:
 garbage-first heap   total 157696K, used 48927K [0x0000000080000000, 0x0000000100000000)
  region size 1024K, 12 young (12288K), 12 survivors (12288K)
 Metaspace       used 89242K, capacity 95225K, committed 95324K, reserved 1136640K
  class space    used 13480K, capacity 16751K, committed 16848K, reserved 1048576K
GC Heap History (10 events):
Event: 12.188 GC heap before
{Heap before GC invocations=9 (full 0):
 garbage-first heap   total 131072K, used 71334K [0x0000000080000000, 0x0000000100000000)
  region size 1024K, 57 young (58368K), 3 survivors (3072K)
 Metaspace       used 68752K, capacity 72339K, committed 72540K, reserved 1110016K
  class space    used 9861K, capacity 11923K, committed 11984K, reserved 1048576K
}
Event: 12.214 GC heap after
{Heap after GC invocations=10 (full 0):
 garbage-first heap   total 131072K, used 22187K [0x0000000080000000, 0x0000000100000000)
  region size 1024K, 8 young (8192K), 8 survivors (8192K)
 Metaspace       used 68752K, capacity 72339K, committed 72540K, reserved 1110016K
  class space    used 9861K, capacity 11923K, committed 11984K, reserved 1048576K
}
Event: 16.587 GC heap before
{Heap before GC invocations=11 (full 0):
 garbage-first heap   total 131072K, used 79531K [0x0000000080000000, 0x0000000100000000)
  region size 1024K, 65 young (66560K), 8 survivors (8192K)
 Metaspace       used 77214K, capacity 82261K, committed 82396K, reserved 1118208K
  class space    used 11656K, capacity 14379K, committed 14416K, reserved 1048576K
}
Event: 16.625 GC heap after
{Heap after GC invocations=12 (full 0):
 garbage-first heap   total 157696K, used 25710K [0x0000000080000000, 0x0000000100000000)
  region size 1024K, 4 young (4096K), 4 survivors (4096K)
 Metaspace       used 77214K, capacity 82261K, committed 82396K, reserved 1118208K
  class space    used 11656K, capacity 14379K, committed 14416K, reserved 1048576K
}
Event: 18.805 GC heap before
{Heap before GC invocations=12 (full 0):
 garbage-first heap   total 157696K, used 111726K [0x0000000080000000, 0x0000000100000000)
  region size 1024K, 43 young (44032K), 4 survivors (4096K)
 Metaspace       used 79833K, capacity 85063K, committed 85212K, reserved 1120256K
  class space    used 12023K, capacity 14856K, committed 14928K, reserved 1048576K
}
Event: 18.823 GC heap after
{Heap after GC invocations=13 (full 0):
 garbage-first heap   total 157696K, used 26734K [0x0000000080000000, 0x0000000100000000)
  region size 1024K, 5 young (5120K), 5 survivors (5120K)
 Metaspace       used 79833K, capacity 85063K, committed 85212K, reserved 1120256K
  class space    used 12023K, capacity 14856K, committed 14928K, reserved 1048576K
}
Event: 22.106 GC heap before
{Heap before GC invocations=14 (full 0):
 garbage-first heap   total 157696K, used 142446K [0x0000000080000000, 0x0000000100000000)
  region size 1024K, 76 young (77824K), 5 survivors (5120K)
 Metaspace       used 85176K, capacity 90938K, committed 91228K, reserved 1124352K
  class space    used 12954K, capacity 16019K, committed 16080K, reserved 1048576K
}
Event: 22.135 GC heap after
{Heap after GC invocations=15 (full 0):
 garbage-first heap   total 157696K, used 29245K [0x0000000080000000, 0x0000000100000000)
  region size 1024K, 8 young (8192K), 8 survivors (8192K)
 Metaspace       used 85176K, capacity 90938K, committed 91228K, reserved 1124352K
  class space    used 12954K, capacity 16019K, committed 16080K, reserved 1048576K
}
Event: 26.233 GC heap before
{Heap before GC invocations=15 (full 0):
 garbage-first heap   total 157696K, used 85565K [0x0000000080000000, 0x0000000100000000)
  region size 1024K, 64 young (65536K), 8 survivors (8192K)
 Metaspace       used 89242K, capacity 95225K, committed 95324K, reserved 1134592K
  class space    used 13480K, capacity 16751K, committed 16848K, reserved 1048576K
}
Event: 26.305 GC heap after
{Heap after GC invocations=16 (full 0):
 garbage-first heap   total 157696K, used 48927K [0x0000000080000000, 0x0000000100000000)
  region size 1024K, 12 young (12288K), 12 survivors (12288K)
 Metaspace       used 89242K, capacity 95225K, committed 95324K, reserved 1134592K
  class space    used 13480K, capacity 16751K, committed 16848K, reserved 1048576K
}

