# JRE version: Java(TM) SE Runtime Environment 18.9 (11.0.10+8) (build 11.0.10+8-LTS-162)
# Java VM: Java HotSpot(TM) 64-Bit Server VM 18.9 (11.0.10+8-LTS-162, mixed mode, tiered, compressed oops, g1 gc, windows-amd64)
Heap:
 garbage-first heap   total 157696K, used 17115K [0x0000000080000000, 0x0000000100000000)
  region size 1024K, 3 young (3072K), 3 survivors (3072K)
 Metaspace       used 57474K, capacity 60153K, committed 60160K, reserved 1099776K
  class space    used 8041K, capacity 9593K, committed 9600K, reserved 1048576K
GC Heap History (10 events):
Event: 0.623 GC heap after
{Heap after GC invocations=1 (full 0):
 garbage-first heap   total 131072K, used 1525K [0x0000000080000000, 0x0000000100000000)
  region size 1024K, 1 young (1024K), 1 survivors (1024K)
 Metaspace       used 8857K, capacity 8983K, committed 9216K, reserved 1056768K
  class space    used 963K, capacity 988K, committed 1024K, reserved 1048576K
}
Event: 2.242 GC heap before
{Heap before GC invocations=1 (full 0):
 garbage-first heap   total 131072K, used 53749K [0x0000000080000000, 0x0000000100000000)
  region size 1024K, 54 young (55296K), 1 survivors (1024K)
 Metaspace       used 20568K, capacity 21145K, committed 21248K, reserved 1069056K
  class space    used 2338K, capacity 2540K, committed 2560K, reserved 1048576K
}
Event: 2.257 GC heap after
{Heap after GC invocations=2 (full 0):
 garbage-first heap   total 131072K, used 6763K [0x0000000080000000, 0x0000000100000000)
  region size 1024K, 7 young (7168K), 7 survivors (7168K)
 Metaspace       used 20568K, capacity 21145K, committed 21248K, reserved 1069056K
  class space    used 2338K, capacity 2540K, committed 2560K, reserved 1048576K
}
Event: 3.412 GC heap before
{Heap before GC invocations=3 (full 0):
 garbage-first heap   total 131072K, used 32363K [0x0000000080000000, 0x0000000100000000)
  region size 1024K, 33 young (33792K), 7 survivors (7168K)
 Metaspace       used 27771K, capacity 28662K, committed 28928K, reserved 1075200K
  class space    used 3359K, capacity 3729K, committed 3840K, reserved 1048576K
}
Event: 3.426 GC heap after
{Heap after GC invocations=4 (full 0):
 garbage-first heap   total 131072K, used 8137K [0x0000000080000000, 0x0000000100000000)
  region size 1024K, 2 young (2048K), 2 survivors (2048K)
 Metaspace       used 27771K, capacity 28662K, committed 28928K, reserved 1075200K
  class space    used 3359K, capacity 3729K, committed 3840K, reserved 1048576K
}
Event: 4.479 GC heap before
{Heap before GC invocations=4 (full 0):
 garbage-first heap   total 131072K, used 35785K [0x0000000080000000, 0x0000000100000000)
  region size 1024K, 30 young (30720K), 2 survivors (2048K)
 Metaspace       used 34652K, capacity 35665K, committed 35840K, reserved 1081344K
  class space    used 4262K, capacity 4749K, committed 4864K, reserved 1048576K
}
Event: 4.486 GC heap after
{Heap after GC invocations=5 (full 0):
 garbage-first heap   total 131072K, used 9518K [0x0000000080000000, 0x0000000100000000)
  region size 1024K, 3 young (3072K), 3 survivors (3072K)
 Metaspace       used 34652K, capacity 35665K, committed 35840K, reserved 1081344K
  class space    used 4262K, capacity 4749K, committed 4864K, reserved 1048576K
}
Event: 6.661 GC heap before
{Heap before GC invocations=6 (full 0):
 garbage-first heap   total 131072K, used 67886K [0x0000000080000000, 0x0000000100000000)
  region size 1024K, 60 young (61440K), 3 survivors (3072K)
 Metaspace       used 49404K, capacity 51475K, committed 51584K, reserved 1093632K
  class space    used 6865K, capacity 8050K, committed 8064K, reserved 1048576K
}
Event: 6.689 GC heap after
{Heap after GC invocations=7 (full 0):
 garbage-first heap   total 131072K, used 15097K [0x0000000080000000, 0x0000000100000000)
  region size 1024K, 8 young (8192K), 8 survivors (8192K)
 Metaspace       used 49404K, capacity 51475K, committed 51584K, reserved 1093632K
  class space    used 6865K, capacity 8050K, committed 8064K, reserved 1048576K
}
Event: 8.427 GC heap before
{Heap before GC invocations=7 (full 0):
 garbage-first heap   total 131072K, used 46841K [0x0000000080000000, 0x0000000100000000)
  region size 1024K, 41 young (41984K), 8 survivors (8192K)
 Metaspace       used 57474K, capacity 60153K, committed 60160K, reserved 1099776K
  class space    used 8041K, capacity 9593K, committed 9600K, reserved 1048576K
}

