# JRE version: Java(TM) SE Runtime Environment 18.9 (11.0.10+8) (build 11.0.10+8-LTS-162)
# Java VM: Java HotSpot(TM) 64-Bit Server VM 18.9 (11.0.10+8-LTS-162, mixed mode, tiered, compressed oops, g1 gc, windows-amd64)
Heap:
 garbage-first heap   total 157696K, used 27842K [0x00000000a0000000, 0x0000000100000000)
  region size 1024K, 2 young (2048K), 2 survivors (2048K)
 Metaspace       used 83540K, capacity 89121K, committed 89216K, reserved 1130496K
  class space    used 12680K, capacity 15649K, committed 15744K, reserved 1048576K
GC Heap History (10 events):
Event: 11.249 GC heap before
{Heap before GC invocations=7 (full 0):
 garbage-first heap   total 131072K, used 55114K [0x00000000a0000000, 0x0000000100000000)
  region size 1024K, 49 young (50176K), 7 survivors (7168K)
 Metaspace       used 57376K, capacity 60045K, committed 60160K, reserved 1099776K
  class space    used 8005K, capacity 9534K, committed 9600K, reserved 1048576K
}
Event: 11.280 GC heap after
{Heap after GC invocations=8 (full 0):
 garbage-first heap   total 131072K, used 17050K [0x00000000a0000000, 0x0000000100000000)
  region size 1024K, 3 young (3072K), 3 survivors (3072K)
 Metaspace       used 57376K, capacity 60045K, committed 60160K, reserved 1099776K
  class space    used 8005K, capacity 9534K, committed 9600K, reserved 1048576K
}
Event: 14.554 GC heap before
{Heap before GC invocations=9 (full 0):
 garbage-first heap   total 131072K, used 73370K [0x00000000a0000000, 0x0000000100000000)
  region size 1024K, 59 young (60416K), 3 survivors (3072K)
 Metaspace       used 69102K, capacity 72730K, committed 72960K, reserved 1110016K
  class space    used 9868K, capacity 11956K, committed 12032K, reserved 1048576K
}
Event: 14.581 GC heap after
{Heap after GC invocations=10 (full 0):
 garbage-first heap   total 131072K, used 21798K [0x00000000a0000000, 0x0000000100000000)
  region size 1024K, 8 young (8192K), 8 survivors (8192K)
 Metaspace       used 69102K, capacity 72730K, committed 72960K, reserved 1110016K
  class space    used 9868K, capacity 11956K, committed 12032K, reserved 1048576K
}
Event: 20.273 GC heap before
{Heap before GC invocations=10 (full 0):
 garbage-first heap   total 131072K, used 88358K [0x00000000a0000000, 0x0000000100000000)
  region size 1024K, 73 young (74752K), 8 survivors (8192K)
 Metaspace       used 78245K, capacity 83355K, committed 83712K, reserved 1118208K
  class space    used 11742K, capacity 14465K, committed 14592K, reserved 1048576K
}
Event: 20.326 GC heap after
{Heap after GC invocations=11 (full 0):
 garbage-first heap   total 157696K, used 27648K [0x00000000a0000000, 0x0000000100000000)
  region size 1024K, 6 young (6144K), 6 survivors (6144K)
 Metaspace       used 78245K, capacity 83355K, committed 83712K, reserved 1118208K
  class space    used 11742K, capacity 14465K, committed 14592K, reserved 1048576K
}
Event: 21.986 GC heap before
{Heap before GC invocations=11 (full 0):
 garbage-first heap   total 157696K, used 104448K [0x00000000a0000000, 0x0000000100000000)
  region size 1024K, 37 young (37888K), 6 survivors (6144K)
 Metaspace       used 80567K, capacity 85855K, committed 86144K, reserved 1120256K
  class space    used 12095K, capacity 14930K, committed 14976K, reserved 1048576K
}
Event: 22.006 GC heap after
{Heap after GC invocations=12 (full 0):
 garbage-first heap   total 157696K, used 28160K [0x00000000a0000000, 0x0000000100000000)
  region size 1024K, 2 young (2048K), 2 survivors (2048K)
 Metaspace       used 80567K, capacity 85855K, committed 86144K, reserved 1120256K
  class space    used 12095K, capacity 14930K, committed 14976K, reserved 1048576K
}
Event: 23.132 GC heap before
{Heap before GC invocations=13 (full 0):
 garbage-first heap   total 157696K, used 53760K [0x00000000a0000000, 0x0000000100000000)
  region size 1024K, 22 young (22528K), 2 survivors (2048K)
 Metaspace       used 83540K, capacity 89121K, committed 89216K, reserved 1128448K
  class space    used 12680K, capacity 15649K, committed 15744K, reserved 1048576K
}
Event: 23.141 GC heap after
{Heap after GC invocations=14 (full 0):
 garbage-first heap   total 157696K, used 27842K [0x00000000a0000000, 0x0000000100000000)
  region size 1024K, 2 young (2048K), 2 survivors (2048K)
 Metaspace       used 83540K, capacity 89121K, committed 89216K, reserved 1128448K
  class space    used 12680K, capacity 15649K, committed 15744K, reserved 1048576K
}

